[debug] [2021-08-13T05:57:47.490Z] ----------------------------------------------------------------------
[debug] [2021-08-13T05:57:47.493Z] Command:       C:\Program Files\nodejs\node.exe C:\Users\ABDUL HANAN\AppData\Roaming\npm\node_modules\firebase-tools\lib\bin\firebase.js --debug deploy --only functions:api
[debug] [2021-08-13T05:57:47.493Z] CLI Version:   9.16.0
[debug] [2021-08-13T05:57:47.494Z] Platform:      win32
[debug] [2021-08-13T05:57:47.494Z] Node Version:  v14.17.4
[debug] [2021-08-13T05:57:47.495Z] Time:          Thu Aug 12 2021 22:57:47 GMT-0700 (Pacific Daylight Time)
[debug] [2021-08-13T05:57:47.495Z] ----------------------------------------------------------------------
[debug] 
[debug] [2021-08-13T05:57:47.588Z] > command requires scopes: ["email","openid","https://www.googleapis.com/auth/cloudplatformprojects.readonly","https://www.googleapis.com/auth/firebase","https://www.googleapis.com/auth/cloud-platform"]
[debug] [2021-08-13T05:57:47.590Z] > authorizing via signed-in user (hanan15082002@gmail.com)
[debug] [2021-08-13T05:57:47.591Z] [iam] checking project clone-fc276 for permissions ["cloudfunctions.functions.create","cloudfunctions.functions.delete","cloudfunctions.functions.get","cloudfunctions.functions.list","cloudfunctions.functions.update","cloudfunctions.operations.get","firebase.projects.get"]
[debug] [2021-08-13T05:57:47.597Z] > refreshing access token with scopes: ["email","https://www.googleapis.com/auth/cloud-platform","https://www.googleapis.com/auth/cloudplatformprojects.readonly","https://www.googleapis.com/auth/firebase","openid"]
[debug] [2021-08-13T05:57:47.598Z] >>> HTTP REQUEST POST https://www.googleapis.com/oauth2/v3/token  
 <request body omitted>
[debug] [2021-08-13T05:57:48.529Z] <<< HTTP RESPONSE 200 {"expires":"Mon, 01 Jan 1990 00:00:00 GMT","cache-control":"no-cache, no-store, max-age=0, must-revalidate","pragma":"no-cache","date":"Thu, 12 Aug 2021 17:57:51 GMT","content-type":"application/json; charset=utf-8","vary":"X-Origin, Referer, Origin,Accept-Encoding","server":"scaffolding on HTTPServer2","x-xss-protection":"0","x-frame-options":"SAMEORIGIN","x-content-type-options":"nosniff","alt-svc":"h3=\":443\"; ma=2592000,h3-29=\":443\"; ma=2592000,h3-T051=\":443\"; ma=2592000,h3-Q050=\":443\"; ma=2592000,h3-Q046=\":443\"; ma=2592000,h3-Q043=\":443\"; ma=2592000,quic=\":443\"; ma=2592000; v=\"46,43\"","accept-ranges":"none","transfer-encoding":"chunked"}
[debug] [2021-08-13T05:57:49.005Z] >>> HTTP REQUEST POST https://cloudresourcemanager.googleapis.com/v1/projects/clone-fc276:testIamPermissions  
 {"permissions":["cloudfunctions.functions.create","cloudfunctions.functions.delete","cloudfunctions.functions.get","cloudfunctions.functions.list","cloudfunctions.functions.update","cloudfunctions.operations.get","firebase.projects.get"]}
[debug] [2021-08-13T05:57:51.895Z] <<< HTTP RESPONSE 200 {"content-type":"application/json; charset=UTF-8","vary":"X-Origin, Referer, Origin,Accept-Encoding","date":"Thu, 12 Aug 2021 17:57:55 GMT","server":"ESF","cache-control":"private","x-xss-protection":"0","x-frame-options":"SAMEORIGIN","x-content-type-options":"nosniff","server-timing":"gfet4t7; dur=1256","alt-svc":"h3=\":443\"; ma=2592000,h3-29=\":443\"; ma=2592000,h3-T051=\":443\"; ma=2592000,h3-Q050=\":443\"; ma=2592000,h3-Q046=\":443\"; ma=2592000,h3-Q043=\":443\"; ma=2592000,quic=\":443\"; ma=2592000; v=\"46,43\"","accept-ranges":"none","transfer-encoding":"chunked"}
[debug] [2021-08-13T05:57:51.898Z] >>> HTTP REQUEST POST https://iam.googleapis.com/v1/projects/clone-fc276/serviceAccounts/clone-fc276@appspot.gserviceaccount.com:testIamPermissions  
 {"permissions":["iam.serviceAccounts.actAs"]}
[debug] [2021-08-13T05:57:54.124Z] <<< HTTP RESPONSE 200 {"content-type":"application/json; charset=UTF-8","vary":"X-Origin, Referer, Origin,Accept-Encoding","date":"Thu, 12 Aug 2021 17:57:57 GMT","server":"ESF","cache-control":"private","x-xss-protection":"0","x-frame-options":"SAMEORIGIN","x-content-type-options":"nosniff","alt-svc":"h3=\":443\"; ma=2592000,h3-29=\":443\"; ma=2592000,h3-T051=\":443\"; ma=2592000,h3-Q050=\":443\"; ma=2592000,h3-Q046=\":443\"; ma=2592000,h3-Q043=\":443\"; ma=2592000,quic=\":443\"; ma=2592000; v=\"46,43\"","accept-ranges":"none","transfer-encoding":"chunked"}
[info] 
[info] === Deploying to 'clone-fc276'...
[info] 
[info] i  deploying functions 
[info] Running command: npm --prefix $Env:RESOURCE_DIR run lint
[info] +  functions: Finished running predeploy script. 
[debug] [2021-08-13T05:57:55.393Z] Validating nodejs source
[warn] !  functions: package.json indicates an outdated version of firebase-functions.
Please upgrade using npm install --save firebase-functions@latest in your functions directory. 
[debug] [2021-08-13T05:58:02.082Z] > [functions] package.json contents: {
  "name": "functions",
  "description": "Cloud Functions for Firebase",
  "scripts": {
    "lint": "eslint .",
    "serve": "firebase emulators:start --only functions",
    "shell": "firebase functions:shell",
    "start": "npm run shell",
    "deploy": "firebase deploy --only functions",
    "logs": "firebase functions:log"
  },
  "engines": {
    "node": "14"
  },
  "main": "index.js",
  "dependencies": {
    "cors": "^2.8.5",
    "express": "^4.17.1",
    "firebase-admin": "^9.8.0",
    "firebase-functions": "^3.14.1",
    "stripe": "^8.168.0"
  },
  "devDependencies": {
    "@babel/eslint-parser": "^7.15.0",
    "eslint": "^7.6.0",
    "eslint-config-google": "^0.14.0",
    "firebase-functions-test": "^0.2.0"
  },
  "private": true
}
[debug] [2021-08-13T05:58:02.087Z] Building nodejs source
[info] i  functions: ensuring required API cloudfunctions.googleapis.com is enabled... 
[info] i  functions: ensuring required API cloudbuild.googleapis.com is enabled... 
[debug] [2021-08-13T05:58:02.091Z] >>> HTTP REQUEST GET https://serviceusage.googleapis.com/v1/projects/clone-fc276/services/cloudfunctions.googleapis.com  
 
[debug] [2021-08-13T05:58:02.093Z] >>> HTTP REQUEST GET https://serviceusage.googleapis.com/v1/projects/clone-fc276/services/runtimeconfig.googleapis.com  
 
[debug] [2021-08-13T05:58:02.095Z] >>> HTTP REQUEST GET https://serviceusage.googleapis.com/v1/projects/clone-fc276/services/cloudbuild.googleapis.com  
 
[debug] [2021-08-13T05:58:04.804Z] <<< HTTP RESPONSE 200 {"content-type":"application/json; charset=UTF-8","vary":"X-Origin, Referer, Origin,Accept-Encoding","date":"Thu, 12 Aug 2021 17:58:07 GMT","server":"ESF","cache-control":"private","x-xss-protection":"0","x-frame-options":"SAMEORIGIN","x-content-type-options":"nosniff","alt-svc":"h3=\":443\"; ma=2592000,h3-29=\":443\"; ma=2592000,h3-T051=\":443\"; ma=2592000,h3-Q050=\":443\"; ma=2592000,h3-Q046=\":443\"; ma=2592000,h3-Q043=\":443\"; ma=2592000,quic=\":443\"; ma=2592000; v=\"46,43\"","accept-ranges":"none","transfer-encoding":"chunked"}
[debug] [2021-08-13T05:58:05.020Z] <<< HTTP RESPONSE 200 {"content-type":"application/json; charset=UTF-8","vary":"X-Origin, Referer, Origin,Accept-Encoding","date":"Thu, 12 Aug 2021 17:58:07 GMT","server":"ESF","cache-control":"private","x-xss-protection":"0","x-frame-options":"SAMEORIGIN","x-content-type-options":"nosniff","alt-svc":"h3=\":443\"; ma=2592000,h3-29=\":443\"; ma=2592000,h3-T051=\":443\"; ma=2592000,h3-Q050=\":443\"; ma=2592000,h3-Q046=\":443\"; ma=2592000,h3-Q043=\":443\"; ma=2592000,quic=\":443\"; ma=2592000; v=\"46,43\"","accept-ranges":"none","transfer-encoding":"chunked"}
[info] +  functions: required API cloudbuild.googleapis.com is enabled 
[debug] [2021-08-13T05:58:06.192Z] <<< HTTP RESPONSE 200 {"content-type":"application/json; charset=UTF-8","vary":"X-Origin, Referer, Origin,Accept-Encoding","date":"Thu, 12 Aug 2021 17:58:08 GMT","server":"ESF","cache-control":"private","x-xss-protection":"0","x-frame-options":"SAMEORIGIN","x-content-type-options":"nosniff","alt-svc":"h3=\":443\"; ma=2592000,h3-29=\":443\"; ma=2592000,h3-T051=\":443\"; ma=2592000,h3-Q050=\":443\"; ma=2592000,h3-Q046=\":443\"; ma=2592000,h3-Q043=\":443\"; ma=2592000,quic=\":443\"; ma=2592000; v=\"46,43\"","accept-ranges":"none","transfer-encoding":"chunked"}
[info] +  functions: required API cloudfunctions.googleapis.com is enabled 
[debug] [2021-08-13T05:58:06.202Z] >>> HTTP REQUEST GET https://firebase.googleapis.com/v1beta1/projects/clone-fc276/adminSdkConfig  
 
[debug] [2021-08-13T05:58:07.431Z] <<< HTTP RESPONSE 200 {"content-type":"application/json; charset=UTF-8","vary":"X-Origin, Referer, Origin,Accept-Encoding","date":"Thu, 12 Aug 2021 17:58:10 GMT","server":"ESF","cache-control":"private","x-xss-protection":"0","x-frame-options":"SAMEORIGIN","x-content-type-options":"nosniff","alt-svc":"h3=\":443\"; ma=2592000,h3-29=\":443\"; ma=2592000,h3-T051=\":443\"; ma=2592000,h3-Q050=\":443\"; ma=2592000,h3-Q046=\":443\"; ma=2592000,h3-Q043=\":443\"; ma=2592000,quic=\":443\"; ma=2592000; v=\"46,43\"","accept-ranges":"none","transfer-encoding":"chunked"}
[debug] [2021-08-13T05:58:07.436Z] >>> HTTP REQUEST GET https://runtimeconfig.googleapis.com/v1beta1/projects/clone-fc276/configs  
 
[debug] [2021-08-13T05:58:08.539Z] <<< HTTP RESPONSE 200 {"content-type":"application/json; charset=UTF-8","vary":"X-Origin, Referer, Origin,Accept-Encoding","date":"Thu, 12 Aug 2021 17:58:11 GMT","server":"ESF","cache-control":"private","x-xss-protection":"0","x-frame-options":"SAMEORIGIN","x-content-type-options":"nosniff","alt-svc":"h3=\":443\"; ma=2592000,h3-29=\":443\"; ma=2592000,h3-T051=\":443\"; ma=2592000,h3-Q050=\":443\"; ma=2592000,h3-Q046=\":443\"; ma=2592000,h3-Q043=\":443\"; ma=2592000,quic=\":443\"; ma=2592000; v=\"46,43\"","accept-ranges":"none","transfer-encoding":"chunked"}
[debug] [2021-08-13T05:58:08.546Z] Analyzing nodejs backend spec
[info] i  functions: preparing functions directory for uploading... 
[info] i  functions: packaged functions (35.7 KB) for uploading 
[debug] [2021-08-13T05:58:09.141Z] >>> HTTP REQUEST GET https://cloudfunctions.googleapis.com/v1/projects/clone-fc276/locations/-/functions  
 
[debug] [2021-08-13T05:58:10.697Z] <<< HTTP RESPONSE 200 {"content-type":"application/json; charset=UTF-8","vary":"X-Origin, Referer, Origin,Accept-Encoding","date":"Thu, 12 Aug 2021 17:58:13 GMT","server":"ESF","cache-control":"private","x-xss-protection":"0","x-frame-options":"SAMEORIGIN","x-content-type-options":"nosniff","alt-svc":"h3=\":443\"; ma=2592000,h3-29=\":443\"; ma=2592000,h3-T051=\":443\"; ma=2592000,h3-Q050=\":443\"; ma=2592000,h3-Q046=\":443\"; ma=2592000,h3-Q043=\":443\"; ma=2592000,quic=\":443\"; ma=2592000; v=\"46,43\"","accept-ranges":"none","transfer-encoding":"chunked"}
[debug] [2021-08-13T05:58:10.717Z] >>> HTTP REQUEST POST https://cloudfunctions.googleapis.com/v1/projects/clone-fc276/locations/us-central1/functions:generateUploadUrl  
 
[debug] [2021-08-13T05:58:12.233Z] <<< HTTP RESPONSE 200 {"content-type":"application/json; charset=UTF-8","vary":"X-Origin, Referer, Origin,Accept-Encoding","date":"Thu, 12 Aug 2021 17:58:15 GMT","server":"ESF","cache-control":"private","x-xss-protection":"0","x-frame-options":"SAMEORIGIN","x-content-type-options":"nosniff","alt-svc":"h3=\":443\"; ma=2592000,h3-29=\":443\"; ma=2592000,h3-T051=\":443\"; ma=2592000,h3-Q050=\":443\"; ma=2592000,h3-Q046=\":443\"; ma=2592000,h3-Q043=\":443\"; ma=2592000,quic=\":443\"; ma=2592000; v=\"46,43\"","accept-ranges":"none","transfer-encoding":"chunked"}
[debug] [2021-08-13T05:58:12.244Z] >>> HTTP REQUEST PUT https://storage.googleapis.com/gcf-upload-us-central1-50b68743-c37b-46e5-888a-14698e439e84/454d52c6-4487-425d-b00c-2849010e250a.zip?GoogleAccessId=service-471739835743@gcf-admin-robot.iam.gserviceaccount.com&Expires=1628792895&Signature=KB0FzgxyPb1MRMrzgjKDy0c5Fd6NsCZzCwfJuHa%2BU2IgSV7n26z8H%2F%2BLLKHavok0VBfhNsgHX47aw5CjMJU3gFnCfExhdEilVUvsrhbDWaTaW4Jc1wwffQlmIggPxfXKBtKuhwGvNqCur1wshtuGNf8mR6wIdBcgBDABbtUFIOkmJLhbZ8qEbIUhHuM3ijtq%2BwSgXT%2BkSEO%2BcqXa2HuaqHYON7moaeK8XSmCVS43NyszSqoqGgoXV6oTP9SeA%2FzohWqGOC65U5h7zDNDo5IOZcT9Mdshn29okRgBG3fK8HBejomFiAZaoxXUX0PT1Tfg0Xcz8QM4CkBUCPIQC0Pk4g%3D%3D  
 <request body omitted>
[debug] [2021-08-13T05:58:13.512Z] <<< HTTP RESPONSE 200 {"x-guploader-uploadid":"ADPycduJB4FB3F4fg86RRZ0hda9N5wBghlUh3O27yPpdrN7tMdwA92deM-WHAJvV62AKTYvcdwsLomOF90cEZdvlCReGWiRYdQ","etag":"\"d8c784ab1c7482a96238772257a95c1b\"","x-goog-generation":"1628791096543569","x-goog-metageneration":"1","x-goog-hash":"crc32c=CSmlwQ==, md5=2MeEqxx0gqliOHciV6lcGw==","x-goog-stored-content-length":"36558","x-goog-stored-content-encoding":"identity","vary":"Origin","content-length":"0","date":"Thu, 12 Aug 2021 17:58:16 GMT","server":"UploadServer","content-type":"text/html; charset=UTF-8","alt-svc":"h3=\":443\"; ma=2592000,h3-29=\":443\"; ma=2592000,h3-T051=\":443\"; ma=2592000,h3-Q050=\":443\"; ma=2592000,h3-Q046=\":443\"; ma=2592000,h3-Q043=\":443\"; ma=2592000,quic=\":443\"; ma=2592000; v=\"46,43\""}
[info] +  functions: functions folder uploaded successfully 
[info] i  functions: updating Node.js 14 function api(us-central1)... 
[debug] [2021-08-13T05:58:13.543Z] >>> HTTP REQUEST PATCH https://cloudfunctions.googleapis.com/v1/projects/clone-fc276/locations/us-central1/functions/api {"updateMask":"name,sourceUploadUrl,entryPoint,runtime,httpsTrigger.securityLevel,labels,environmentVariables"} 
 {"name":"projects/clone-fc276/locations/us-central1/functions/api","sourceUploadUrl":"https://storage.googleapis.com/gcf-upload-us-central1-50b68743-c37b-46e5-888a-14698e439e84/454d52c6-4487-425d-b00c-2849010e250a.zip?GoogleAccessId=service-471739835743@gcf-admin-robot.iam.gserviceaccount.com&Expires=1628792895&Signature=KB0FzgxyPb1MRMrzgjKDy0c5Fd6NsCZzCwfJuHa%2BU2IgSV7n26z8H%2F%2BLLKHavok0VBfhNsgHX47aw5CjMJU3gFnCfExhdEilVUvsrhbDWaTaW4Jc1wwffQlmIggPxfXKBtKuhwGvNqCur1wshtuGNf8mR6wIdBcgBDABbtUFIOkmJLhbZ8qEbIUhHuM3ijtq%2BwSgXT%2BkSEO%2BcqXa2HuaqHYON7moaeK8XSmCVS43NyszSqoqGgoXV6oTP9SeA%2FzohWqGOC65U5h7zDNDo5IOZcT9Mdshn29okRgBG3fK8HBejomFiAZaoxXUX0PT1Tfg0Xcz8QM4CkBUCPIQC0Pk4g%3D%3D","entryPoint":"api","runtime":"nodejs14","httpsTrigger":{"securityLevel":"SECURE_OPTIONAL"},"labels":{"deployment-tool":"cli-firebase"},"environmentVariables":{"FIREBASE_CONFIG":"{\"projectId\":\"clone-fc276\",\"storageBucket\":\"clone-fc276.appspot.com\",\"locationId\":\"us-central\"}"}}
[debug] [2021-08-13T05:58:14.920Z] <<< HTTP RESPONSE 200 {"content-type":"application/json; charset=UTF-8","vary":"X-Origin, Referer, Origin,Accept-Encoding","date":"Thu, 12 Aug 2021 17:58:17 GMT","server":"ESF","cache-control":"private","x-xss-protection":"0","x-frame-options":"SAMEORIGIN","x-content-type-options":"nosniff","alt-svc":"h3=\":443\"; ma=2592000,h3-29=\":443\"; ma=2592000,h3-T051=\":443\"; ma=2592000,h3-Q050=\":443\"; ma=2592000,h3-Q046=\":443\"; ma=2592000,h3-Q043=\":443\"; ma=2592000,quic=\":443\"; ma=2592000; v=\"46,43\"","accept-ranges":"none","transfer-encoding":"chunked"}
[debug] [2021-08-13T05:58:14.933Z] > refreshing access token with scopes: []
[debug] [2021-08-13T05:58:14.936Z] >>> HTTP REQUEST POST https://www.googleapis.com/oauth2/v3/token  
 <request body omitted>
[debug] [2021-08-13T05:58:16.524Z] <<< HTTP RESPONSE 200 {"date":"Thu, 12 Aug 2021 17:58:19 GMT","pragma":"no-cache","expires":"Mon, 01 Jan 1990 00:00:00 GMT","cache-control":"no-cache, no-store, max-age=0, must-revalidate","content-type":"application/json; charset=utf-8","vary":"X-Origin, Referer, Origin,Accept-Encoding","server":"scaffolding on HTTPServer2","x-xss-protection":"0","x-frame-options":"SAMEORIGIN","x-content-type-options":"nosniff","alt-svc":"h3=\":443\"; ma=2592000,h3-29=\":443\"; ma=2592000,h3-T051=\":443\"; ma=2592000,h3-Q050=\":443\"; ma=2592000,h3-Q046=\":443\"; ma=2592000,h3-Q043=\":443\"; ma=2592000,quic=\":443\"; ma=2592000; v=\"46,43\"","accept-ranges":"none","transfer-encoding":"chunked"}
[debug] [2021-08-13T05:58:16.648Z] >>> [apiv2][query] GET https://cloudfunctions.googleapis.com/v1/operations/Y2xvbmUtZmMyNzYvdXMtY2VudHJhbDEvYXBpL0pHdjNkSmRQRUZ3 [none]
[debug] [2021-08-13T05:58:17.370Z] <<< [apiv2][status] GET https://cloudfunctions.googleapis.com/v1/operations/Y2xvbmUtZmMyNzYvdXMtY2VudHJhbDEvYXBpL0pHdjNkSmRQRUZ3 200
[debug] [2021-08-13T05:58:17.373Z] <<< [apiv2][body] GET https://cloudfunctions.googleapis.com/v1/operations/Y2xvbmUtZmMyNzYvdXMtY2VudHJhbDEvYXBpL0pHdjNkSmRQRUZ3 {"name":"operations/Y2xvbmUtZmMyNzYvdXMtY2VudHJhbDEvYXBpL0pHdjNkSmRQRUZ3","metadata":{"@type":"type.googleapis.com/google.cloud.functions.v1.OperationMetadataV1","target":"projects/clone-fc276/locations/us-central1/functions/api","type":"UPDATE_FUNCTION","request":{"@type":"type.googleapis.com/google.cloud.functions.v1.CloudFunction","name":"projects/clone-fc276/locations/us-central1/functions/api","httpsTrigger":{"url":"https://us-central1-clone-fc276.cloudfunctions.net/api","securityLevel":"SECURE_OPTIONAL"},"status":"OFFLINE","entryPoint":"api","timeout":"60s","availableMemoryMb":256,"serviceAccountEmail":"clone-fc276@appspot.gserviceaccount.com","updateTime":"2021-08-12T16:41:35.293Z","versionId":"7","labels":{"deployment-tool":"cli-firebase"},"sourceUploadUrl":"https://storage.googleapis.com/gcf-upload-us-central1-50b68743-c37b-46e5-888a-14698e439e84/454d52c6-4487-425d-b00c-2849010e250a.zip?GoogleAccessId=service-471739835743@gcf-admin-robot.iam.gserviceaccount.com&Expires=1628792895&Signature=KB0FzgxyPb1MRMrzgjKDy0c5Fd6NsCZzCwfJuHa%2BU2IgSV7n26z8H%2F%2BLLKHavok0VBfhNsgHX47aw5CjMJU3gFnCfExhdEilVUvsrhbDWaTaW4Jc1wwffQlmIggPxfXKBtKuhwGvNqCur1wshtuGNf8mR6wIdBcgBDABbtUFIOkmJLhbZ8qEbIUhHuM3ijtq%2BwSgXT%2BkSEO%2BcqXa2HuaqHYON7moaeK8XSmCVS43NyszSqoqGgoXV6oTP9SeA%2FzohWqGOC65U5h7zDNDo5IOZcT9Mdshn29okRgBG3fK8HBejomFiAZaoxXUX0PT1Tfg0Xcz8QM4CkBUCPIQC0Pk4g%3D%3D","environmentVariables":{"FIREBASE_CONFIG":"{\"projectId\":\"clone-fc276\",\"storageBucket\":\"clone-fc276.appspot.com\",\"locationId\":\"us-central\"}"},"runtime":"nodejs14","ingressSettings":"ALLOW_ALL","buildId":"91558ead-469c-4658-a9b4-6c2204a426a4"},"versionId":"8","updateTime":"2021-08-12T17:58:17Z","buildId":"612b297a-f282-439a-a3be-1c0f106950ec","buildName":"projects/471739835743/locations/us-central1/builds/612b297a-f282-439a-a3be-1c0f106950ec"}}
[debug] [2021-08-13T05:58:17.896Z] [update-projects/clone-fc276/locations/us-central1/functions/api] Retrying task index 0
[debug] [2021-08-13T05:58:17.900Z] >>> [apiv2][query] GET https://cloudfunctions.googleapis.com/v1/operations/Y2xvbmUtZmMyNzYvdXMtY2VudHJhbDEvYXBpL0pHdjNkSmRQRUZ3 [none]
[debug] [2021-08-13T05:58:19.688Z] <<< [apiv2][status] GET https://cloudfunctions.googleapis.com/v1/operations/Y2xvbmUtZmMyNzYvdXMtY2VudHJhbDEvYXBpL0pHdjNkSmRQRUZ3 200
[debug] [2021-08-13T05:58:19.690Z] <<< [apiv2][body] GET https://cloudfunctions.googleapis.com/v1/operations/Y2xvbmUtZmMyNzYvdXMtY2VudHJhbDEvYXBpL0pHdjNkSmRQRUZ3 {"name":"operations/Y2xvbmUtZmMyNzYvdXMtY2VudHJhbDEvYXBpL0pHdjNkSmRQRUZ3","metadata":{"@type":"type.googleapis.com/google.cloud.functions.v1.OperationMetadataV1","target":"projects/clone-fc276/locations/us-central1/functions/api","type":"UPDATE_FUNCTION","request":{"@type":"type.googleapis.com/google.cloud.functions.v1.CloudFunction","name":"projects/clone-fc276/locations/us-central1/functions/api","httpsTrigger":{"url":"https://us-central1-clone-fc276.cloudfunctions.net/api","securityLevel":"SECURE_OPTIONAL"},"status":"OFFLINE","entryPoint":"api","timeout":"60s","availableMemoryMb":256,"serviceAccountEmail":"clone-fc276@appspot.gserviceaccount.com","updateTime":"2021-08-12T16:41:35.293Z","versionId":"7","labels":{"deployment-tool":"cli-firebase"},"sourceUploadUrl":"https://storage.googleapis.com/gcf-upload-us-central1-50b68743-c37b-46e5-888a-14698e439e84/454d52c6-4487-425d-b00c-2849010e250a.zip?GoogleAccessId=service-471739835743@gcf-admin-robot.iam.gserviceaccount.com&Expires=1628792895&Signature=KB0FzgxyPb1MRMrzgjKDy0c5Fd6NsCZzCwfJuHa%2BU2IgSV7n26z8H%2F%2BLLKHavok0VBfhNsgHX47aw5CjMJU3gFnCfExhdEilVUvsrhbDWaTaW4Jc1wwffQlmIggPxfXKBtKuhwGvNqCur1wshtuGNf8mR6wIdBcgBDABbtUFIOkmJLhbZ8qEbIUhHuM3ijtq%2BwSgXT%2BkSEO%2BcqXa2HuaqHYON7moaeK8XSmCVS43NyszSqoqGgoXV6oTP9SeA%2FzohWqGOC65U5h7zDNDo5IOZcT9Mdshn29okRgBG3fK8HBejomFiAZaoxXUX0PT1Tfg0Xcz8QM4CkBUCPIQC0Pk4g%3D%3D","environmentVariables":{"FIREBASE_CONFIG":"{\"projectId\":\"clone-fc276\",\"storageBucket\":\"clone-fc276.appspot.com\",\"locationId\":\"us-central\"}"},"runtime":"nodejs14","ingressSettings":"ALLOW_ALL","buildId":"91558ead-469c-4658-a9b4-6c2204a426a4"},"versionId":"8","updateTime":"2021-08-12T17:58:17Z","buildId":"612b297a-f282-439a-a3be-1c0f106950ec","buildName":"projects/471739835743/locations/us-central1/builds/612b297a-f282-439a-a3be-1c0f106950ec"}}
[debug] [2021-08-13T05:58:20.713Z] [update-projects/clone-fc276/locations/us-central1/functions/api] Retrying task index 0
[debug] [2021-08-13T05:58:20.717Z] >>> [apiv2][query] GET https://cloudfunctions.googleapis.com/v1/operations/Y2xvbmUtZmMyNzYvdXMtY2VudHJhbDEvYXBpL0pHdjNkSmRQRUZ3 [none]
[debug] [2021-08-13T05:58:21.388Z] <<< [apiv2][status] GET https://cloudfunctions.googleapis.com/v1/operations/Y2xvbmUtZmMyNzYvdXMtY2VudHJhbDEvYXBpL0pHdjNkSmRQRUZ3 200
[debug] [2021-08-13T05:58:21.391Z] <<< [apiv2][body] GET https://cloudfunctions.googleapis.com/v1/operations/Y2xvbmUtZmMyNzYvdXMtY2VudHJhbDEvYXBpL0pHdjNkSmRQRUZ3 {"name":"operations/Y2xvbmUtZmMyNzYvdXMtY2VudHJhbDEvYXBpL0pHdjNkSmRQRUZ3","metadata":{"@type":"type.googleapis.com/google.cloud.functions.v1.OperationMetadataV1","target":"projects/clone-fc276/locations/us-central1/functions/api","type":"UPDATE_FUNCTION","request":{"@type":"type.googleapis.com/google.cloud.functions.v1.CloudFunction","name":"projects/clone-fc276/locations/us-central1/functions/api","httpsTrigger":{"url":"https://us-central1-clone-fc276.cloudfunctions.net/api","securityLevel":"SECURE_OPTIONAL"},"status":"OFFLINE","entryPoint":"api","timeout":"60s","availableMemoryMb":256,"serviceAccountEmail":"clone-fc276@appspot.gserviceaccount.com","updateTime":"2021-08-12T16:41:35.293Z","versionId":"7","labels":{"deployment-tool":"cli-firebase"},"sourceUploadUrl":"https://storage.googleapis.com/gcf-upload-us-central1-50b68743-c37b-46e5-888a-14698e439e84/454d52c6-4487-425d-b00c-2849010e250a.zip?GoogleAccessId=service-471739835743@gcf-admin-robot.iam.gserviceaccount.com&Expires=1628792895&Signature=KB0FzgxyPb1MRMrzgjKDy0c5Fd6NsCZzCwfJuHa%2BU2IgSV7n26z8H%2F%2BLLKHavok0VBfhNsgHX47aw5CjMJU3gFnCfExhdEilVUvsrhbDWaTaW4Jc1wwffQlmIggPxfXKBtKuhwGvNqCur1wshtuGNf8mR6wIdBcgBDABbtUFIOkmJLhbZ8qEbIUhHuM3ijtq%2BwSgXT%2BkSEO%2BcqXa2HuaqHYON7moaeK8XSmCVS43NyszSqoqGgoXV6oTP9SeA%2FzohWqGOC65U5h7zDNDo5IOZcT9Mdshn29okRgBG3fK8HBejomFiAZaoxXUX0PT1Tfg0Xcz8QM4CkBUCPIQC0Pk4g%3D%3D","environmentVariables":{"FIREBASE_CONFIG":"{\"projectId\":\"clone-fc276\",\"storageBucket\":\"clone-fc276.appspot.com\",\"locationId\":\"us-central\"}"},"runtime":"nodejs14","ingressSettings":"ALLOW_ALL","buildId":"91558ead-469c-4658-a9b4-6c2204a426a4"},"versionId":"8","updateTime":"2021-08-12T17:58:17Z","buildId":"612b297a-f282-439a-a3be-1c0f106950ec","buildName":"projects/471739835743/locations/us-central1/builds/612b297a-f282-439a-a3be-1c0f106950ec"}}
[debug] [2021-08-13T05:58:23.412Z] [update-projects/clone-fc276/locations/us-central1/functions/api] Retrying task index 0
[debug] [2021-08-13T05:58:23.415Z] >>> [apiv2][query] GET https://cloudfunctions.googleapis.com/v1/operations/Y2xvbmUtZmMyNzYvdXMtY2VudHJhbDEvYXBpL0pHdjNkSmRQRUZ3 [none]
[debug] [2021-08-13T05:58:24.222Z] <<< [apiv2][status] GET https://cloudfunctions.googleapis.com/v1/operations/Y2xvbmUtZmMyNzYvdXMtY2VudHJhbDEvYXBpL0pHdjNkSmRQRUZ3 200
[debug] [2021-08-13T05:58:24.230Z] <<< [apiv2][body] GET https://cloudfunctions.googleapis.com/v1/operations/Y2xvbmUtZmMyNzYvdXMtY2VudHJhbDEvYXBpL0pHdjNkSmRQRUZ3 {"name":"operations/Y2xvbmUtZmMyNzYvdXMtY2VudHJhbDEvYXBpL0pHdjNkSmRQRUZ3","metadata":{"@type":"type.googleapis.com/google.cloud.functions.v1.OperationMetadataV1","target":"projects/clone-fc276/locations/us-central1/functions/api","type":"UPDATE_FUNCTION","request":{"@type":"type.googleapis.com/google.cloud.functions.v1.CloudFunction","name":"projects/clone-fc276/locations/us-central1/functions/api","httpsTrigger":{"url":"https://us-central1-clone-fc276.cloudfunctions.net/api","securityLevel":"SECURE_OPTIONAL"},"status":"OFFLINE","entryPoint":"api","timeout":"60s","availableMemoryMb":256,"serviceAccountEmail":"clone-fc276@appspot.gserviceaccount.com","updateTime":"2021-08-12T16:41:35.293Z","versionId":"7","labels":{"deployment-tool":"cli-firebase"},"sourceUploadUrl":"https://storage.googleapis.com/gcf-upload-us-central1-50b68743-c37b-46e5-888a-14698e439e84/454d52c6-4487-425d-b00c-2849010e250a.zip?GoogleAccessId=service-471739835743@gcf-admin-robot.iam.gserviceaccount.com&Expires=1628792895&Signature=KB0FzgxyPb1MRMrzgjKDy0c5Fd6NsCZzCwfJuHa%2BU2IgSV7n26z8H%2F%2BLLKHavok0VBfhNsgHX47aw5CjMJU3gFnCfExhdEilVUvsrhbDWaTaW4Jc1wwffQlmIggPxfXKBtKuhwGvNqCur1wshtuGNf8mR6wIdBcgBDABbtUFIOkmJLhbZ8qEbIUhHuM3ijtq%2BwSgXT%2BkSEO%2BcqXa2HuaqHYON7moaeK8XSmCVS43NyszSqoqGgoXV6oTP9SeA%2FzohWqGOC65U5h7zDNDo5IOZcT9Mdshn29okRgBG3fK8HBejomFiAZaoxXUX0PT1Tfg0Xcz8QM4CkBUCPIQC0Pk4g%3D%3D","environmentVariables":{"FIREBASE_CONFIG":"{\"projectId\":\"clone-fc276\",\"storageBucket\":\"clone-fc276.appspot.com\",\"locationId\":\"us-central\"}"},"runtime":"nodejs14","ingressSettings":"ALLOW_ALL","buildId":"91558ead-469c-4658-a9b4-6c2204a426a4"},"versionId":"8","updateTime":"2021-08-12T17:58:17Z","buildId":"612b297a-f282-439a-a3be-1c0f106950ec","buildName":"projects/471739835743/locations/us-central1/builds/612b297a-f282-439a-a3be-1c0f106950ec"}}
[debug] [2021-08-13T05:58:28.244Z] [update-projects/clone-fc276/locations/us-central1/functions/api] Retrying task index 0
[debug] [2021-08-13T05:58:28.247Z] >>> [apiv2][query] GET https://cloudfunctions.googleapis.com/v1/operations/Y2xvbmUtZmMyNzYvdXMtY2VudHJhbDEvYXBpL0pHdjNkSmRQRUZ3 [none]
[debug] [2021-08-13T05:58:29.288Z] <<< [apiv2][status] GET https://cloudfunctions.googleapis.com/v1/operations/Y2xvbmUtZmMyNzYvdXMtY2VudHJhbDEvYXBpL0pHdjNkSmRQRUZ3 200
[debug] [2021-08-13T05:58:29.290Z] <<< [apiv2][body] GET https://cloudfunctions.googleapis.com/v1/operations/Y2xvbmUtZmMyNzYvdXMtY2VudHJhbDEvYXBpL0pHdjNkSmRQRUZ3 {"name":"operations/Y2xvbmUtZmMyNzYvdXMtY2VudHJhbDEvYXBpL0pHdjNkSmRQRUZ3","metadata":{"@type":"type.googleapis.com/google.cloud.functions.v1.OperationMetadataV1","target":"projects/clone-fc276/locations/us-central1/functions/api","type":"UPDATE_FUNCTION","request":{"@type":"type.googleapis.com/google.cloud.functions.v1.CloudFunction","name":"projects/clone-fc276/locations/us-central1/functions/api","httpsTrigger":{"url":"https://us-central1-clone-fc276.cloudfunctions.net/api","securityLevel":"SECURE_OPTIONAL"},"status":"OFFLINE","entryPoint":"api","timeout":"60s","availableMemoryMb":256,"serviceAccountEmail":"clone-fc276@appspot.gserviceaccount.com","updateTime":"2021-08-12T16:41:35.293Z","versionId":"7","labels":{"deployment-tool":"cli-firebase"},"sourceUploadUrl":"https://storage.googleapis.com/gcf-upload-us-central1-50b68743-c37b-46e5-888a-14698e439e84/454d52c6-4487-425d-b00c-2849010e250a.zip?GoogleAccessId=service-471739835743@gcf-admin-robot.iam.gserviceaccount.com&Expires=1628792895&Signature=KB0FzgxyPb1MRMrzgjKDy0c5Fd6NsCZzCwfJuHa%2BU2IgSV7n26z8H%2F%2BLLKHavok0VBfhNsgHX47aw5CjMJU3gFnCfExhdEilVUvsrhbDWaTaW4Jc1wwffQlmIggPxfXKBtKuhwGvNqCur1wshtuGNf8mR6wIdBcgBDABbtUFIOkmJLhbZ8qEbIUhHuM3ijtq%2BwSgXT%2BkSEO%2BcqXa2HuaqHYON7moaeK8XSmCVS43NyszSqoqGgoXV6oTP9SeA%2FzohWqGOC65U5h7zDNDo5IOZcT9Mdshn29okRgBG3fK8HBejomFiAZaoxXUX0PT1Tfg0Xcz8QM4CkBUCPIQC0Pk4g%3D%3D","environmentVariables":{"FIREBASE_CONFIG":"{\"projectId\":\"clone-fc276\",\"storageBucket\":\"clone-fc276.appspot.com\",\"locationId\":\"us-central\"}"},"runtime":"nodejs14","ingressSettings":"ALLOW_ALL","buildId":"91558ead-469c-4658-a9b4-6c2204a426a4"},"versionId":"8","updateTime":"2021-08-12T17:58:17Z","buildId":"612b297a-f282-439a-a3be-1c0f106950ec","buildName":"projects/471739835743/locations/us-central1/builds/612b297a-f282-439a-a3be-1c0f106950ec"}}
[debug] [2021-08-13T05:58:37.307Z] [update-projects/clone-fc276/locations/us-central1/functions/api] Retrying task index 0
[debug] [2021-08-13T05:58:37.310Z] >>> [apiv2][query] GET https://cloudfunctions.googleapis.com/v1/operations/Y2xvbmUtZmMyNzYvdXMtY2VudHJhbDEvYXBpL0pHdjNkSmRQRUZ3 [none]
[debug] [2021-08-13T05:58:38.563Z] <<< [apiv2][status] GET https://cloudfunctions.googleapis.com/v1/operations/Y2xvbmUtZmMyNzYvdXMtY2VudHJhbDEvYXBpL0pHdjNkSmRQRUZ3 200
[debug] [2021-08-13T05:58:38.565Z] <<< [apiv2][body] GET https://cloudfunctions.googleapis.com/v1/operations/Y2xvbmUtZmMyNzYvdXMtY2VudHJhbDEvYXBpL0pHdjNkSmRQRUZ3 {"name":"operations/Y2xvbmUtZmMyNzYvdXMtY2VudHJhbDEvYXBpL0pHdjNkSmRQRUZ3","metadata":{"@type":"type.googleapis.com/google.cloud.functions.v1.OperationMetadataV1","target":"projects/clone-fc276/locations/us-central1/functions/api","type":"UPDATE_FUNCTION","request":{"@type":"type.googleapis.com/google.cloud.functions.v1.CloudFunction","name":"projects/clone-fc276/locations/us-central1/functions/api","httpsTrigger":{"url":"https://us-central1-clone-fc276.cloudfunctions.net/api","securityLevel":"SECURE_OPTIONAL"},"status":"OFFLINE","entryPoint":"api","timeout":"60s","availableMemoryMb":256,"serviceAccountEmail":"clone-fc276@appspot.gserviceaccount.com","updateTime":"2021-08-12T16:41:35.293Z","versionId":"7","labels":{"deployment-tool":"cli-firebase"},"sourceUploadUrl":"https://storage.googleapis.com/gcf-upload-us-central1-50b68743-c37b-46e5-888a-14698e439e84/454d52c6-4487-425d-b00c-2849010e250a.zip?GoogleAccessId=service-471739835743@gcf-admin-robot.iam.gserviceaccount.com&Expires=1628792895&Signature=KB0FzgxyPb1MRMrzgjKDy0c5Fd6NsCZzCwfJuHa%2BU2IgSV7n26z8H%2F%2BLLKHavok0VBfhNsgHX47aw5CjMJU3gFnCfExhdEilVUvsrhbDWaTaW4Jc1wwffQlmIggPxfXKBtKuhwGvNqCur1wshtuGNf8mR6wIdBcgBDABbtUFIOkmJLhbZ8qEbIUhHuM3ijtq%2BwSgXT%2BkSEO%2BcqXa2HuaqHYON7moaeK8XSmCVS43NyszSqoqGgoXV6oTP9SeA%2FzohWqGOC65U5h7zDNDo5IOZcT9Mdshn29okRgBG3fK8HBejomFiAZaoxXUX0PT1Tfg0Xcz8QM4CkBUCPIQC0Pk4g%3D%3D","environmentVariables":{"FIREBASE_CONFIG":"{\"projectId\":\"clone-fc276\",\"storageBucket\":\"clone-fc276.appspot.com\",\"locationId\":\"us-central\"}"},"runtime":"nodejs14","ingressSettings":"ALLOW_ALL","buildId":"91558ead-469c-4658-a9b4-6c2204a426a4"},"versionId":"8","updateTime":"2021-08-12T17:58:17Z","buildId":"612b297a-f282-439a-a3be-1c0f106950ec","buildName":"projects/471739835743/locations/us-central1/builds/612b297a-f282-439a-a3be-1c0f106950ec"}}
[debug] [2021-08-13T05:58:54.583Z] [update-projects/clone-fc276/locations/us-central1/functions/api] Retrying task index 0
[debug] [2021-08-13T05:58:54.586Z] >>> [apiv2][query] GET https://cloudfunctions.googleapis.com/v1/operations/Y2xvbmUtZmMyNzYvdXMtY2VudHJhbDEvYXBpL0pHdjNkSmRQRUZ3 [none]
[debug] [2021-08-13T05:58:56.804Z] <<< [apiv2][status] GET https://cloudfunctions.googleapis.com/v1/operations/Y2xvbmUtZmMyNzYvdXMtY2VudHJhbDEvYXBpL0pHdjNkSmRQRUZ3 200
[debug] [2021-08-13T05:58:56.806Z] <<< [apiv2][body] GET https://cloudfunctions.googleapis.com/v1/operations/Y2xvbmUtZmMyNzYvdXMtY2VudHJhbDEvYXBpL0pHdjNkSmRQRUZ3 {"name":"operations/Y2xvbmUtZmMyNzYvdXMtY2VudHJhbDEvYXBpL0pHdjNkSmRQRUZ3","metadata":{"@type":"type.googleapis.com/google.cloud.functions.v1.OperationMetadataV1","target":"projects/clone-fc276/locations/us-central1/functions/api","type":"UPDATE_FUNCTION","request":{"@type":"type.googleapis.com/google.cloud.functions.v1.CloudFunction","name":"projects/clone-fc276/locations/us-central1/functions/api","httpsTrigger":{"url":"https://us-central1-clone-fc276.cloudfunctions.net/api","securityLevel":"SECURE_OPTIONAL"},"status":"OFFLINE","entryPoint":"api","timeout":"60s","availableMemoryMb":256,"serviceAccountEmail":"clone-fc276@appspot.gserviceaccount.com","updateTime":"2021-08-12T16:41:35.293Z","versionId":"7","labels":{"deployment-tool":"cli-firebase"},"sourceUploadUrl":"https://storage.googleapis.com/gcf-upload-us-central1-50b68743-c37b-46e5-888a-14698e439e84/454d52c6-4487-425d-b00c-2849010e250a.zip?GoogleAccessId=service-471739835743@gcf-admin-robot.iam.gserviceaccount.com&Expires=1628792895&Signature=KB0FzgxyPb1MRMrzgjKDy0c5Fd6NsCZzCwfJuHa%2BU2IgSV7n26z8H%2F%2BLLKHavok0VBfhNsgHX47aw5CjMJU3gFnCfExhdEilVUvsrhbDWaTaW4Jc1wwffQlmIggPxfXKBtKuhwGvNqCur1wshtuGNf8mR6wIdBcgBDABbtUFIOkmJLhbZ8qEbIUhHuM3ijtq%2BwSgXT%2BkSEO%2BcqXa2HuaqHYON7moaeK8XSmCVS43NyszSqoqGgoXV6oTP9SeA%2FzohWqGOC65U5h7zDNDo5IOZcT9Mdshn29okRgBG3fK8HBejomFiAZaoxXUX0PT1Tfg0Xcz8QM4CkBUCPIQC0Pk4g%3D%3D","environmentVariables":{"FIREBASE_CONFIG":"{\"projectId\":\"clone-fc276\",\"storageBucket\":\"clone-fc276.appspot.com\",\"locationId\":\"us-central\"}"},"runtime":"nodejs14","ingressSettings":"ALLOW_ALL","buildId":"91558ead-469c-4658-a9b4-6c2204a426a4"},"versionId":"8","updateTime":"2021-08-12T17:58:17Z","buildId":"612b297a-f282-439a-a3be-1c0f106950ec","buildName":"projects/471739835743/locations/us-central1/builds/612b297a-f282-439a-a3be-1c0f106950ec"}}
[debug] [2021-08-13T05:59:28.831Z] [update-projects/clone-fc276/locations/us-central1/functions/api] Retrying task index 0
[debug] [2021-08-13T05:59:28.834Z] >>> [apiv2][query] GET https://cloudfunctions.googleapis.com/v1/operations/Y2xvbmUtZmMyNzYvdXMtY2VudHJhbDEvYXBpL0pHdjNkSmRQRUZ3 [none]
[debug] [2021-08-13T05:59:29.762Z] <<< [apiv2][status] GET https://cloudfunctions.googleapis.com/v1/operations/Y2xvbmUtZmMyNzYvdXMtY2VudHJhbDEvYXBpL0pHdjNkSmRQRUZ3 200
[debug] [2021-08-13T05:59:29.765Z] <<< [apiv2][body] GET https://cloudfunctions.googleapis.com/v1/operations/Y2xvbmUtZmMyNzYvdXMtY2VudHJhbDEvYXBpL0pHdjNkSmRQRUZ3 {"name":"operations/Y2xvbmUtZmMyNzYvdXMtY2VudHJhbDEvYXBpL0pHdjNkSmRQRUZ3","metadata":{"@type":"type.googleapis.com/google.cloud.functions.v1.OperationMetadataV1","target":"projects/clone-fc276/locations/us-central1/functions/api","type":"UPDATE_FUNCTION","request":{"@type":"type.googleapis.com/google.cloud.functions.v1.CloudFunction","name":"projects/clone-fc276/locations/us-central1/functions/api","httpsTrigger":{"url":"https://us-central1-clone-fc276.cloudfunctions.net/api","securityLevel":"SECURE_OPTIONAL"},"status":"OFFLINE","entryPoint":"api","timeout":"60s","availableMemoryMb":256,"serviceAccountEmail":"clone-fc276@appspot.gserviceaccount.com","updateTime":"2021-08-12T16:41:35.293Z","versionId":"7","labels":{"deployment-tool":"cli-firebase"},"sourceUploadUrl":"https://storage.googleapis.com/gcf-upload-us-central1-50b68743-c37b-46e5-888a-14698e439e84/454d52c6-4487-425d-b00c-2849010e250a.zip?GoogleAccessId=service-471739835743@gcf-admin-robot.iam.gserviceaccount.com&Expires=1628792895&Signature=KB0FzgxyPb1MRMrzgjKDy0c5Fd6NsCZzCwfJuHa%2BU2IgSV7n26z8H%2F%2BLLKHavok0VBfhNsgHX47aw5CjMJU3gFnCfExhdEilVUvsrhbDWaTaW4Jc1wwffQlmIggPxfXKBtKuhwGvNqCur1wshtuGNf8mR6wIdBcgBDABbtUFIOkmJLhbZ8qEbIUhHuM3ijtq%2BwSgXT%2BkSEO%2BcqXa2HuaqHYON7moaeK8XSmCVS43NyszSqoqGgoXV6oTP9SeA%2FzohWqGOC65U5h7zDNDo5IOZcT9Mdshn29okRgBG3fK8HBejomFiAZaoxXUX0PT1Tfg0Xcz8QM4CkBUCPIQC0Pk4g%3D%3D","environmentVariables":{"FIREBASE_CONFIG":"{\"projectId\":\"clone-fc276\",\"storageBucket\":\"clone-fc276.appspot.com\",\"locationId\":\"us-central\"}"},"runtime":"nodejs14","ingressSettings":"ALLOW_ALL","buildId":"91558ead-469c-4658-a9b4-6c2204a426a4"},"versionId":"8","updateTime":"2021-08-12T17:58:17Z","buildId":"612b297a-f282-439a-a3be-1c0f106950ec","sourceToken":"a2e099a2-690a-43ee-8873-2e4545278d5a","buildName":"projects/471739835743/locations/us-central1/builds/612b297a-f282-439a-a3be-1c0f106950ec"}}
[debug] [2021-08-13T05:59:29.776Z] Got sourceToken a2e099a2-690a-43ee-8873-2e4545278d5a for region us-central1
[debug] [2021-08-13T06:00:29.787Z] [update-projects/clone-fc276/locations/us-central1/functions/api] Retrying task index 0
[debug] [2021-08-13T06:00:29.790Z] >>> [apiv2][query] GET https://cloudfunctions.googleapis.com/v1/operations/Y2xvbmUtZmMyNzYvdXMtY2VudHJhbDEvYXBpL0pHdjNkSmRQRUZ3 [none]
[debug] [2021-08-13T06:00:31.817Z] <<< [apiv2][status] GET https://cloudfunctions.googleapis.com/v1/operations/Y2xvbmUtZmMyNzYvdXMtY2VudHJhbDEvYXBpL0pHdjNkSmRQRUZ3 200
[debug] [2021-08-13T06:00:31.819Z] <<< [apiv2][body] GET https://cloudfunctions.googleapis.com/v1/operations/Y2xvbmUtZmMyNzYvdXMtY2VudHJhbDEvYXBpL0pHdjNkSmRQRUZ3 {"name":"operations/Y2xvbmUtZmMyNzYvdXMtY2VudHJhbDEvYXBpL0pHdjNkSmRQRUZ3","metadata":{"@type":"type.googleapis.com/google.cloud.functions.v1.OperationMetadataV1","target":"projects/clone-fc276/locations/us-central1/functions/api","type":"UPDATE_FUNCTION","request":{"@type":"type.googleapis.com/google.cloud.functions.v1.CloudFunction","name":"projects/clone-fc276/locations/us-central1/functions/api","httpsTrigger":{"url":"https://us-central1-clone-fc276.cloudfunctions.net/api","securityLevel":"SECURE_OPTIONAL"},"status":"OFFLINE","entryPoint":"api","timeout":"60s","availableMemoryMb":256,"serviceAccountEmail":"clone-fc276@appspot.gserviceaccount.com","updateTime":"2021-08-12T16:41:35.293Z","versionId":"7","labels":{"deployment-tool":"cli-firebase"},"sourceUploadUrl":"https://storage.googleapis.com/gcf-upload-us-central1-50b68743-c37b-46e5-888a-14698e439e84/454d52c6-4487-425d-b00c-2849010e250a.zip?GoogleAccessId=service-471739835743@gcf-admin-robot.iam.gserviceaccount.com&Expires=1628792895&Signature=KB0FzgxyPb1MRMrzgjKDy0c5Fd6NsCZzCwfJuHa%2BU2IgSV7n26z8H%2F%2BLLKHavok0VBfhNsgHX47aw5CjMJU3gFnCfExhdEilVUvsrhbDWaTaW4Jc1wwffQlmIggPxfXKBtKuhwGvNqCur1wshtuGNf8mR6wIdBcgBDABbtUFIOkmJLhbZ8qEbIUhHuM3ijtq%2BwSgXT%2BkSEO%2BcqXa2HuaqHYON7moaeK8XSmCVS43NyszSqoqGgoXV6oTP9SeA%2FzohWqGOC65U5h7zDNDo5IOZcT9Mdshn29okRgBG3fK8HBejomFiAZaoxXUX0PT1Tfg0Xcz8QM4CkBUCPIQC0Pk4g%3D%3D","environmentVariables":{"FIREBASE_CONFIG":"{\"projectId\":\"clone-fc276\",\"storageBucket\":\"clone-fc276.appspot.com\",\"locationId\":\"us-central\"}"},"runtime":"nodejs14","ingressSettings":"ALLOW_ALL","buildId":"91558ead-469c-4658-a9b4-6c2204a426a4"},"versionId":"8","updateTime":"2021-08-12T17:59:34Z","buildId":"612b297a-f282-439a-a3be-1c0f106950ec","sourceToken":"a2e099a2-690a-43ee-8873-2e4545278d5a","buildName":"projects/471739835743/locations/us-central1/builds/612b297a-f282-439a-a3be-1c0f106950ec"},"done":true,"response":{"@type":"type.googleapis.com/google.cloud.functions.v1.CloudFunction","name":"projects/clone-fc276/locations/us-central1/functions/api","httpsTrigger":{"url":"https://us-central1-clone-fc276.cloudfunctions.net/api","securityLevel":"SECURE_OPTIONAL"},"status":"ACTIVE","entryPoint":"api","timeout":"60s","availableMemoryMb":256,"serviceAccountEmail":"clone-fc276@appspot.gserviceaccount.com","updateTime":"2021-08-12T17:59:34.536Z","versionId":"8","labels":{"deployment-tool":"cli-firebase"},"sourceUploadUrl":"https://storage.googleapis.com/gcf-upload-us-central1-50b68743-c37b-46e5-888a-14698e439e84/454d52c6-4487-425d-b00c-2849010e250a.zip","environmentVariables":{"FIREBASE_CONFIG":"{\"projectId\":\"clone-fc276\",\"storageBucket\":\"clone-fc276.appspot.com\",\"locationId\":\"us-central\"}"},"runtime":"nodejs14","ingressSettings":"ALLOW_ALL","buildId":"612b297a-f282-439a-a3be-1c0f106950ec"}}
[debug] [2021-08-13T06:00:31.841Z] Got sourceToken a2e099a2-690a-43ee-8873-2e4545278d5a for region us-central1
[info] +  functions[api(us-central1)]: Successful update operation.  
[debug] [2021-08-13T06:00:31.873Z] Total Function Deployment time: 138334
[debug] [2021-08-13T06:00:31.876Z] 1 Functions Deployed
[debug] [2021-08-13T06:00:31.879Z] 0 Functions Errored
[debug] [2021-08-13T06:00:31.880Z] Average Function Deployment time: 138333
[info] i  functions: cleaning up build files... 
[debug] [2021-08-13T06:00:31.890Z] >>> [apiv2][query] GET https://us.gcr.io/v2/clone-fc276/gcf/us-central1/tags/list [none]
[debug] [2021-08-13T06:00:32.959Z] <<< [apiv2][status] GET https://us.gcr.io/v2/clone-fc276/gcf/us-central1/tags/list 200
[debug] [2021-08-13T06:00:32.960Z] <<< [apiv2][body] GET https://us.gcr.io/v2/clone-fc276/gcf/us-central1/tags/list {"child":["0891e944-8158-4607-bc84-20eb7f16f034"],"manifest":{},"name":"clone-fc276/gcf/us-central1","tags":[]}
[debug] [2021-08-13T06:00:32.962Z] >>> [apiv2][query] GET https://us.gcr.io/v2/clone-fc276/gcf/us-central1/0891e944-8158-4607-bc84-20eb7f16f034/tags/list [none]
[debug] [2021-08-13T06:00:34.082Z] <<< [apiv2][status] GET https://us.gcr.io/v2/clone-fc276/gcf/us-central1/0891e944-8158-4607-bc84-20eb7f16f034/tags/list 200
[debug] [2021-08-13T06:00:34.084Z] <<< [apiv2][body] GET https://us.gcr.io/v2/clone-fc276/gcf/us-central1/0891e944-8158-4607-bc84-20eb7f16f034/tags/list {"child":["cache"],"manifest":{"sha256:0302f33ca2788cea5fa6a30433a5c7e7ead4f15fe83cd37c2bdb719ba46531c2":{"imageSizeBytes":"424172396","layerId":"","mediaType":"application/vnd.docker.distribution.manifest.v2+json","tag":["api_version-8","latest"],"timeCreatedMs":"315532801000","timeUploadedMs":"1628791142388"}},"name":"clone-fc276/gcf/us-central1/0891e944-8158-4607-bc84-20eb7f16f034","tags":["api_version-8","latest"]}
[debug] [2021-08-13T06:00:34.093Z] >>> [apiv2][query] GET https://us.gcr.io/v2/clone-fc276/gcf/us-central1/0891e944-8158-4607-bc84-20eb7f16f034/cache/tags/list [none]
[debug] [2021-08-13T06:00:34.101Z] >>> [apiv2][query] DELETE https://us.gcr.io/v2/clone-fc276/gcf/us-central1/0891e944-8158-4607-bc84-20eb7f16f034/manifests/api_version-8 [none]
[debug] [2021-08-13T06:00:34.108Z] >>> [apiv2][query] DELETE https://us.gcr.io/v2/clone-fc276/gcf/us-central1/0891e944-8158-4607-bc84-20eb7f16f034/manifests/latest [none]
[debug] [2021-08-13T06:00:36.343Z] <<< [apiv2][status] DELETE https://us.gcr.io/v2/clone-fc276/gcf/us-central1/0891e944-8158-4607-bc84-20eb7f16f034/manifests/api_version-8 202
[debug] [2021-08-13T06:00:36.346Z] <<< [apiv2][body] DELETE https://us.gcr.io/v2/clone-fc276/gcf/us-central1/0891e944-8158-4607-bc84-20eb7f16f034/manifests/api_version-8 {"errors":[]}
[debug] [2021-08-13T06:00:36.350Z] <<< [apiv2][status] DELETE https://us.gcr.io/v2/clone-fc276/gcf/us-central1/0891e944-8158-4607-bc84-20eb7f16f034/manifests/latest 202
[debug] [2021-08-13T06:00:36.353Z] <<< [apiv2][body] DELETE https://us.gcr.io/v2/clone-fc276/gcf/us-central1/0891e944-8158-4607-bc84-20eb7f16f034/manifests/latest {"errors":[]}
[debug] [2021-08-13T06:00:36.357Z] >>> [apiv2][query] DELETE https://us.gcr.io/v2/clone-fc276/gcf/us-central1/0891e944-8158-4607-bc84-20eb7f16f034/manifests/sha256:0302f33ca2788cea5fa6a30433a5c7e7ead4f15fe83cd37c2bdb719ba46531c2 [none]
[debug] [2021-08-13T06:00:36.363Z] <<< [apiv2][status] GET https://us.gcr.io/v2/clone-fc276/gcf/us-central1/0891e944-8158-4607-bc84-20eb7f16f034/cache/tags/list 200
[debug] [2021-08-13T06:00:36.364Z] <<< [apiv2][body] GET https://us.gcr.io/v2/clone-fc276/gcf/us-central1/0891e944-8158-4607-bc84-20eb7f16f034/cache/tags/list {"child":[],"manifest":{"sha256:7e523da6f45705cba212712cda33439aa9c37874236d7671c0acd606db39bf7b":{"imageSizeBytes":"13132309","layerId":"","mediaType":"application/vnd.docker.distribution.manifest.v2+json","tag":["latest"],"timeCreatedMs":"315532801000","timeUploadedMs":"1628791143181"}},"name":"clone-fc276/gcf/us-central1/0891e944-8158-4607-bc84-20eb7f16f034/cache","tags":["latest"]}
[debug] [2021-08-13T06:00:36.367Z] >>> [apiv2][query] DELETE https://us.gcr.io/v2/clone-fc276/gcf/us-central1/0891e944-8158-4607-bc84-20eb7f16f034/cache/manifests/latest [none]
[debug] [2021-08-13T06:00:37.923Z] <<< [apiv2][status] DELETE https://us.gcr.io/v2/clone-fc276/gcf/us-central1/0891e944-8158-4607-bc84-20eb7f16f034/cache/manifests/latest 202
[debug] [2021-08-13T06:00:37.925Z] <<< [apiv2][body] DELETE https://us.gcr.io/v2/clone-fc276/gcf/us-central1/0891e944-8158-4607-bc84-20eb7f16f034/cache/manifests/latest {"errors":[]}
[debug] [2021-08-13T06:00:37.929Z] >>> [apiv2][query] DELETE https://us.gcr.io/v2/clone-fc276/gcf/us-central1/0891e944-8158-4607-bc84-20eb7f16f034/cache/manifests/sha256:7e523da6f45705cba212712cda33439aa9c37874236d7671c0acd606db39bf7b [none]
[debug] [2021-08-13T06:00:39.523Z] <<< [apiv2][status] DELETE https://us.gcr.io/v2/clone-fc276/gcf/us-central1/0891e944-8158-4607-bc84-20eb7f16f034/manifests/sha256:0302f33ca2788cea5fa6a30433a5c7e7ead4f15fe83cd37c2bdb719ba46531c2 202
[debug] [2021-08-13T06:00:39.525Z] <<< [apiv2][body] DELETE https://us.gcr.io/v2/clone-fc276/gcf/us-central1/0891e944-8158-4607-bc84-20eb7f16f034/manifests/sha256:0302f33ca2788cea5fa6a30433a5c7e7ead4f15fe83cd37c2bdb719ba46531c2 {"errors":[]}
[debug] [2021-08-13T06:00:41.038Z] <<< [apiv2][status] DELETE https://us.gcr.io/v2/clone-fc276/gcf/us-central1/0891e944-8158-4607-bc84-20eb7f16f034/cache/manifests/sha256:7e523da6f45705cba212712cda33439aa9c37874236d7671c0acd606db39bf7b 202
[debug] [2021-08-13T06:00:41.041Z] <<< [apiv2][body] DELETE https://us.gcr.io/v2/clone-fc276/gcf/us-central1/0891e944-8158-4607-bc84-20eb7f16f034/cache/manifests/sha256:7e523da6f45705cba212712cda33439aa9c37874236d7671c0acd606db39bf7b {"errors":[]}
[debug] [2021-08-13T06:00:41.045Z] > refreshing access token with scopes: ["email","https://www.googleapis.com/auth/cloud-platform","https://www.googleapis.com/auth/cloudplatformprojects.readonly","https://www.googleapis.com/auth/firebase","openid"]
[debug] [2021-08-13T06:00:41.049Z] >>> HTTP REQUEST POST https://www.googleapis.com/oauth2/v3/token  
 <request body omitted>
[debug] [2021-08-13T06:00:41.616Z] <<< HTTP RESPONSE 200 {"pragma":"no-cache","expires":"Mon, 01 Jan 1990 00:00:00 GMT","cache-control":"no-cache, no-store, max-age=0, must-revalidate","date":"Thu, 12 Aug 2021 18:00:44 GMT","content-type":"application/json; charset=utf-8","vary":"X-Origin, Referer, Origin,Accept-Encoding","server":"scaffolding on HTTPServer2","x-xss-protection":"0","x-frame-options":"SAMEORIGIN","x-content-type-options":"nosniff","alt-svc":"h3=\":443\"; ma=2592000,h3-29=\":443\"; ma=2592000,h3-T051=\":443\"; ma=2592000,h3-Q050=\":443\"; ma=2592000,h3-Q046=\":443\"; ma=2592000,h3-Q043=\":443\"; ma=2592000,quic=\":443\"; ma=2592000; v=\"46,43\"","accept-ranges":"none","transfer-encoding":"chunked"}
[debug] [2021-08-13T06:00:41.732Z] >>> HTTP REQUEST GET https://cloudfunctions.googleapis.com/v1/projects/clone-fc276/locations/-/functions  
 
[debug] [2021-08-13T06:00:42.722Z] <<< HTTP RESPONSE 200 {"content-type":"application/json; charset=UTF-8","vary":"X-Origin, Referer, Origin,Accept-Encoding","date":"Thu, 12 Aug 2021 18:00:45 GMT","server":"ESF","cache-control":"private","x-xss-protection":"0","x-frame-options":"SAMEORIGIN","x-content-type-options":"nosniff","alt-svc":"h3=\":443\"; ma=2592000,h3-29=\":443\"; ma=2592000,h3-T051=\":443\"; ma=2592000,h3-Q050=\":443\"; ma=2592000,h3-Q046=\":443\"; ma=2592000,h3-Q043=\":443\"; ma=2592000,quic=\":443\"; ma=2592000; v=\"46,43\"","accept-ranges":"none","transfer-encoding":"chunked"}
[info] 
[info] +  Deploy complete! 
[info] 
[info] Project Console: https://console.firebase.google.com/project/clone-fc276/overview
